[2024-09-13T08:39:35.823+0000] {local_task_job_runner.py:123} INFO - ::group::Pre task execution logs
[2024-09-13T08:39:35.835+0000] {taskinstance.py:2612} INFO - Dependencies all met for dep_context=non-requeueable deps ti=<TaskInstance: consume_1_or_both_2_and_3_with_dataset_expressions.consume_1_or_both_2_and_3_with_dataset_expressions manual__2024-09-13T08:39:33.806099+00:00 [queued]>
[2024-09-13T08:39:35.839+0000] {taskinstance.py:2612} INFO - Dependencies all met for dep_context=requeueable deps ti=<TaskInstance: consume_1_or_both_2_and_3_with_dataset_expressions.consume_1_or_both_2_and_3_with_dataset_expressions manual__2024-09-13T08:39:33.806099+00:00 [queued]>
[2024-09-13T08:39:35.839+0000] {taskinstance.py:2865} INFO - Starting attempt 1 of 1
[2024-09-13T08:39:35.860+0000] {taskinstance.py:2888} INFO - Executing <Task(BashOperator): consume_1_or_both_2_and_3_with_dataset_expressions> on 2024-09-13 08:39:33.806099+00:00
[2024-09-13T08:39:35.862+0000] {standard_task_runner.py:72} INFO - Started process 1676 to run task
[2024-09-13T08:39:35.865+0000] {standard_task_runner.py:104} INFO - Running: ['airflow', 'tasks', 'run', 'consume_1_or_both_2_and_3_with_dataset_expressions', 'consume_1_or_both_2_and_3_with_dataset_expressions', 'manual__2024-09-13T08:39:33.806099+00:00', '--job-id', '2', '--raw', '--subdir', '/home/ubuntu/airflow-env/lib/python3.12/site-packages/airflow/example_dags/example_datasets.py', '--cfg-path', '/tmp/tmpx1e75_dg']
[2024-09-13T08:39:35.865+0000] {standard_task_runner.py:105} INFO - Job 2: Subtask consume_1_or_both_2_and_3_with_dataset_expressions
[2024-09-13T08:39:35.896+0000] {task_command.py:467} INFO - Running <TaskInstance: consume_1_or_both_2_and_3_with_dataset_expressions.consume_1_or_both_2_and_3_with_dataset_expressions manual__2024-09-13T08:39:33.806099+00:00 [running]> on host ip-172-31-23-215.ec2.internal
[2024-09-13T08:39:35.948+0000] {taskinstance.py:3131} INFO - Exporting env vars: AIRFLOW_CTX_DAG_OWNER='airflow' AIRFLOW_CTX_DAG_ID='consume_1_or_both_2_and_3_with_dataset_expressions' AIRFLOW_CTX_TASK_ID='consume_1_or_both_2_and_3_with_dataset_expressions' AIRFLOW_CTX_EXECUTION_DATE='2024-09-13T08:39:33.806099+00:00' AIRFLOW_CTX_TRY_NUMBER='1' AIRFLOW_CTX_DAG_RUN_ID='manual__2024-09-13T08:39:33.806099+00:00'
[2024-09-13T08:39:35.950+0000] {logging_mixin.py:190} INFO - Task instance is in running state
[2024-09-13T08:39:35.950+0000] {logging_mixin.py:190} INFO -  Previous state of the Task instance: queued
[2024-09-13T08:39:35.950+0000] {logging_mixin.py:190} INFO - Current task name:consume_1_or_both_2_and_3_with_dataset_expressions state:running start_date:2024-09-13 08:39:35.835512+00:00
[2024-09-13T08:39:35.950+0000] {logging_mixin.py:190} INFO - Dag name:consume_1_or_both_2_and_3_with_dataset_expressions and current dag run status:running
[2024-09-13T08:39:35.950+0000] {taskinstance.py:731} INFO - ::endgroup::
[2024-09-13T08:39:35.950+0000] {subprocess.py:63} INFO - Tmp dir root location: /tmp
[2024-09-13T08:39:35.951+0000] {subprocess.py:75} INFO - Running command: ['/usr/bin/bash', '-c', 'sleep 5']
[2024-09-13T08:39:35.957+0000] {subprocess.py:86} INFO - Output:
[2024-09-13T08:39:40.961+0000] {subprocess.py:97} INFO - Command exited with return code 0
[2024-09-13T08:39:40.992+0000] {taskinstance.py:340} INFO - ::group::Post task execution logs
[2024-09-13T08:39:40.993+0000] {taskinstance.py:352} INFO - Marking task as SUCCESS. dag_id=consume_1_or_both_2_and_3_with_dataset_expressions, task_id=consume_1_or_both_2_and_3_with_dataset_expressions, run_id=manual__2024-09-13T08:39:33.806099+00:00, execution_date=20240913T083933, start_date=20240913T083935, end_date=20240913T083940
[2024-09-13T08:39:41.014+0000] {logging_mixin.py:190} INFO - Task instance in success state
[2024-09-13T08:39:41.015+0000] {logging_mixin.py:190} INFO -  Previous state of the Task instance: running
[2024-09-13T08:39:41.015+0000] {logging_mixin.py:190} INFO - Dag name:consume_1_or_both_2_and_3_with_dataset_expressions queued_at:2024-09-13 08:39:33.829628+00:00
[2024-09-13T08:39:41.015+0000] {logging_mixin.py:190} INFO - Task hostname:ip-172-31-23-215.ec2.internal operator:BashOperator
[2024-09-13T08:39:41.027+0000] {local_task_job_runner.py:266} INFO - Task exited with return code 0
[2024-09-13T08:39:41.034+0000] {taskinstance.py:3900} INFO - 0 downstream tasks scheduled from follow-on schedule check
[2024-09-13T08:39:41.034+0000] {local_task_job_runner.py:245} INFO - ::endgroup::
