[2024-09-13T08:51:30.277+0000] {local_task_job_runner.py:123} INFO - ::group::Pre task execution logs
[2024-09-13T08:51:30.286+0000] {taskinstance.py:2612} INFO - Dependencies all met for dep_context=non-requeueable deps ti=<TaskInstance: conditional_dataset_and_time_based_timetable.conditional_dataset_and_time_based_timetable manual__2024-09-13T08:51:20.697925+00:00 [queued]>
[2024-09-13T08:51:30.291+0000] {taskinstance.py:2612} INFO - Dependencies all met for dep_context=requeueable deps ti=<TaskInstance: conditional_dataset_and_time_based_timetable.conditional_dataset_and_time_based_timetable manual__2024-09-13T08:51:20.697925+00:00 [queued]>
[2024-09-13T08:51:30.291+0000] {taskinstance.py:2865} INFO - Starting attempt 1 of 1
[2024-09-13T08:51:30.311+0000] {taskinstance.py:2888} INFO - Executing <Task(BashOperator): conditional_dataset_and_time_based_timetable> on 2024-09-13 08:51:20.697925+00:00
[2024-09-13T08:51:30.314+0000] {standard_task_runner.py:72} INFO - Started process 2407 to run task
[2024-09-13T08:51:30.318+0000] {standard_task_runner.py:104} INFO - Running: ['airflow', 'tasks', 'run', 'conditional_dataset_and_time_based_timetable', 'conditional_dataset_and_time_based_timetable', 'manual__2024-09-13T08:51:20.697925+00:00', '--job-id', '8', '--raw', '--subdir', '/home/ubuntu/airflow-env/lib/python3.12/site-packages/airflow/example_dags/example_datasets.py', '--cfg-path', '/tmp/tmp9s2jfeaj']
[2024-09-13T08:51:30.318+0000] {standard_task_runner.py:105} INFO - Job 8: Subtask conditional_dataset_and_time_based_timetable
[2024-09-13T08:51:30.355+0000] {task_command.py:467} INFO - Running <TaskInstance: conditional_dataset_and_time_based_timetable.conditional_dataset_and_time_based_timetable manual__2024-09-13T08:51:20.697925+00:00 [running]> on host ip-172-31-23-215.ec2.internal
[2024-09-13T08:51:30.415+0000] {taskinstance.py:3131} INFO - Exporting env vars: AIRFLOW_CTX_DAG_OWNER='airflow' AIRFLOW_CTX_DAG_ID='conditional_dataset_and_time_based_timetable' AIRFLOW_CTX_TASK_ID='conditional_dataset_and_time_based_timetable' AIRFLOW_CTX_EXECUTION_DATE='2024-09-13T08:51:20.697925+00:00' AIRFLOW_CTX_TRY_NUMBER='1' AIRFLOW_CTX_DAG_RUN_ID='manual__2024-09-13T08:51:20.697925+00:00'
[2024-09-13T08:51:30.416+0000] {logging_mixin.py:190} INFO - Task instance is in running state
[2024-09-13T08:51:30.416+0000] {logging_mixin.py:190} INFO -  Previous state of the Task instance: queued
[2024-09-13T08:51:30.416+0000] {logging_mixin.py:190} INFO - Current task name:conditional_dataset_and_time_based_timetable state:running start_date:2024-09-13 08:51:30.286988+00:00
[2024-09-13T08:51:30.416+0000] {logging_mixin.py:190} INFO - Dag name:conditional_dataset_and_time_based_timetable and current dag run status:running
[2024-09-13T08:51:30.416+0000] {taskinstance.py:731} INFO - ::endgroup::
[2024-09-13T08:51:30.417+0000] {subprocess.py:63} INFO - Tmp dir root location: /tmp
[2024-09-13T08:51:30.417+0000] {subprocess.py:75} INFO - Running command: ['/usr/bin/bash', '-c', 'sleep 5']
[2024-09-13T08:51:30.423+0000] {subprocess.py:86} INFO - Output:
[2024-09-13T08:51:35.425+0000] {subprocess.py:97} INFO - Command exited with return code 0
[2024-09-13T08:51:35.458+0000] {taskinstance.py:340} INFO - ::group::Post task execution logs
[2024-09-13T08:51:35.458+0000] {taskinstance.py:352} INFO - Marking task as SUCCESS. dag_id=conditional_dataset_and_time_based_timetable, task_id=conditional_dataset_and_time_based_timetable, run_id=manual__2024-09-13T08:51:20.697925+00:00, execution_date=20240913T085120, start_date=20240913T085130, end_date=20240913T085135
[2024-09-13T08:51:35.481+0000] {logging_mixin.py:190} INFO - Task instance in success state
[2024-09-13T08:51:35.481+0000] {logging_mixin.py:190} INFO -  Previous state of the Task instance: running
[2024-09-13T08:51:35.481+0000] {logging_mixin.py:190} INFO - Dag name:conditional_dataset_and_time_based_timetable queued_at:2024-09-13 08:51:20.717282+00:00
[2024-09-13T08:51:35.481+0000] {logging_mixin.py:190} INFO - Task hostname:ip-172-31-23-215.ec2.internal operator:BashOperator
[2024-09-13T08:51:35.515+0000] {local_task_job_runner.py:266} INFO - Task exited with return code 0
[2024-09-13T08:51:35.523+0000] {taskinstance.py:3900} INFO - 0 downstream tasks scheduled from follow-on schedule check
[2024-09-13T08:51:35.523+0000] {local_task_job_runner.py:245} INFO - ::endgroup::
