[2024-09-13T08:50:53.673+0000] {local_task_job_runner.py:123} INFO - ::group::Pre task execution logs
[2024-09-13T08:50:53.683+0000] {taskinstance.py:2612} INFO - Dependencies all met for dep_context=non-requeueable deps ti=<TaskInstance: dataset_produces_1.producing_task_1 manual__2024-09-13T08:50:44.335590+00:00 [queued]>
[2024-09-13T08:50:53.687+0000] {taskinstance.py:2612} INFO - Dependencies all met for dep_context=requeueable deps ti=<TaskInstance: dataset_produces_1.producing_task_1 manual__2024-09-13T08:50:44.335590+00:00 [queued]>
[2024-09-13T08:50:53.687+0000] {taskinstance.py:2865} INFO - Starting attempt 1 of 1
[2024-09-13T08:50:53.708+0000] {taskinstance.py:2888} INFO - Executing <Task(BashOperator): producing_task_1> on 2024-09-13 08:50:44.335590+00:00
[2024-09-13T08:50:53.711+0000] {standard_task_runner.py:72} INFO - Started process 2382 to run task
[2024-09-13T08:50:53.714+0000] {standard_task_runner.py:104} INFO - Running: ['airflow', 'tasks', 'run', 'dataset_produces_1', 'producing_task_1', 'manual__2024-09-13T08:50:44.335590+00:00', '--job-id', '4', '--raw', '--subdir', '/home/ubuntu/airflow-env/lib/python3.12/site-packages/airflow/example_dags/example_datasets.py', '--cfg-path', '/tmp/tmp_ijpkslp']
[2024-09-13T08:50:53.714+0000] {standard_task_runner.py:105} INFO - Job 4: Subtask producing_task_1
[2024-09-13T08:50:53.750+0000] {task_command.py:467} INFO - Running <TaskInstance: dataset_produces_1.producing_task_1 manual__2024-09-13T08:50:44.335590+00:00 [running]> on host ip-172-31-23-215.ec2.internal
[2024-09-13T08:50:53.811+0000] {taskinstance.py:3131} INFO - Exporting env vars: AIRFLOW_CTX_DAG_OWNER='airflow' AIRFLOW_CTX_DAG_ID='dataset_produces_1' AIRFLOW_CTX_TASK_ID='producing_task_1' AIRFLOW_CTX_EXECUTION_DATE='2024-09-13T08:50:44.335590+00:00' AIRFLOW_CTX_TRY_NUMBER='1' AIRFLOW_CTX_DAG_RUN_ID='manual__2024-09-13T08:50:44.335590+00:00'
[2024-09-13T08:50:53.812+0000] {logging_mixin.py:190} INFO - Task instance is in running state
[2024-09-13T08:50:53.812+0000] {logging_mixin.py:190} INFO -  Previous state of the Task instance: queued
[2024-09-13T08:50:53.812+0000] {logging_mixin.py:190} INFO - Current task name:producing_task_1 state:running start_date:2024-09-13 08:50:53.683278+00:00
[2024-09-13T08:50:53.812+0000] {logging_mixin.py:190} INFO - Dag name:dataset_produces_1 and current dag run status:running
[2024-09-13T08:50:53.812+0000] {taskinstance.py:731} INFO - ::endgroup::
[2024-09-13T08:50:53.813+0000] {subprocess.py:63} INFO - Tmp dir root location: /tmp
[2024-09-13T08:50:53.813+0000] {subprocess.py:75} INFO - Running command: ['/usr/bin/bash', '-c', 'sleep 5']
[2024-09-13T08:50:53.819+0000] {subprocess.py:86} INFO - Output:
[2024-09-13T08:50:58.820+0000] {subprocess.py:97} INFO - Command exited with return code 0
[2024-09-13T08:50:58.855+0000] {taskinstance.py:340} INFO - ::group::Post task execution logs
[2024-09-13T08:50:58.856+0000] {taskinstance.py:352} INFO - Marking task as SUCCESS. dag_id=dataset_produces_1, task_id=producing_task_1, run_id=manual__2024-09-13T08:50:44.335590+00:00, execution_date=20240913T085044, start_date=20240913T085053, end_date=20240913T085058
[2024-09-13T08:50:58.884+0000] {logging_mixin.py:190} INFO - Task instance in success state
[2024-09-13T08:50:58.884+0000] {logging_mixin.py:190} INFO -  Previous state of the Task instance: running
[2024-09-13T08:50:58.885+0000] {logging_mixin.py:190} INFO - Dag name:dataset_produces_1 queued_at:2024-09-13 08:50:44.358455+00:00
[2024-09-13T08:50:58.885+0000] {logging_mixin.py:190} INFO - Task hostname:ip-172-31-23-215.ec2.internal operator:BashOperator
[2024-09-13T08:50:58.914+0000] {local_task_job_runner.py:266} INFO - Task exited with return code 0
[2024-09-13T08:50:58.922+0000] {taskinstance.py:3900} INFO - 0 downstream tasks scheduled from follow-on schedule check
[2024-09-13T08:50:58.922+0000] {local_task_job_runner.py:245} INFO - ::endgroup::
